<?xml version="1.0" encoding="UTF-8"?>
<!-- Generated by org.testng.reporters.JUnitReportReporter -->
<testsuite hostname="6fa99f3009505e8" failures="0" tests="1" name="com.qa.testscripts.TC_Scenario_002" time="3.425" errors="0" timestamp="2023-06-15T14:39:23 IST" skipped="0">
  <testcase classname="com.qa.testscripts.TC_Scenario_002" name="Scenario2" time="3.425"/>
  <system-out/>
</testsuite> <!-- com.qa.testscripts.TC_Scenario_002 -->
